Keyboard/build/app/intermediates/manifest_merge_blame_file/release/manifest-merger-blame-release-report.txt
1<?xml version="1.0" encoding="utf-8"?>
2<manifest xmlns:android="http://schemas.android.com/apk/res/android"
3    package="com.example.keyboard_tamil"
4    android:versionCode="1"
5    android:versionName="1.0.0" >
6
7    <uses-sdk
8        android:minSdkVersion="21"
8-->src/main/AndroidManifest.xml
9        android:targetSdkVersion="33" />
9-->src/main/AndroidManifest.xml
10
11    <uses-permission android:name="android.permission.INTERNET" />
11-->src/main/AndroidManifest.xml:2:5-67
11-->src/main/AndroidManifest.xml:2:22-64
12
13    <queries>
13-->[:flutter_inappwebview] AndroidManifest.xml:9:5-13:15
14        <intent>
14-->[:flutter_inappwebview] AndroidManifest.xml:10:9-12:18
15            <action android:name="android.support.customtabs.action.CustomTabsService" />
15-->[:flutter_inappwebview] AndroidManifest.xml:11:13-90
15-->[:flutter_inappwebview] AndroidManifest.xml:11:21-87
16        </intent>
17        <intent>
17-->[androidx.media2:media2-session:1.2.1] AndroidManifest.xml:25:9-27:18
18            <action android:name="android.media.browse.MediaBrowserService" />
18-->[androidx.media2:media2-session:1.2.1] AndroidManifest.xml:26:13-79
18-->[androidx.media2:media2-session:1.2.1] AndroidManifest.xml:26:21-76
19        </intent>
20        <intent>
20-->[androidx.media2:media2-session:1.2.1] AndroidManifest.xml:28:9-30:18
21            <action android:name="androidx.media2.session.MediaSessionService" />
21-->[androidx.media2:media2-session:1.2.1] AndroidManifest.xml:29:13-82
21-->[androidx.media2:media2-session:1.2.1] AndroidManifest.xml:29:21-79
22        </intent>
23        <intent>
23-->[androidx.media2:media2-session:1.2.1] AndroidManifest.xml:31:9-33:18
24            <action android:name="androidx.media2.session.MediaLibraryService" />
24-->[androidx.media2:media2-session:1.2.1] AndroidManifest.xml:32:13-82
24-->[androidx.media2:media2-session:1.2.1] AndroidManifest.xml:32:21-79
25        </intent>
26    </queries>
27
28    <uses-permission android:name="android.permission.ACCESS_NETWORK_STATE" />
28-->[com.google.android.exoplayer:exoplayer-core:2.18.7] AndroidManifest.xml:24:5-79
28-->[com.google.android.exoplayer:exoplayer-core:2.18.7] AndroidManifest.xml:24:22-76
29
30    <permission
30-->[androidx.core:core:1.10.1] AndroidManifest.xml:22:5-24:47
31        android:name="com.example.keyboard_tamil.DYNAMIC_RECEIVER_NOT_EXPORTED_PERMISSION"
31-->[androidx.core:core:1.10.1] AndroidManifest.xml:23:9-81
32        android:protectionLevel="signature" />
32-->[androidx.core:core:1.10.1] AndroidManifest.xml:24:9-44
33
34    <uses-permission android:name="com.example.keyboard_tamil.DYNAMIC_RECEIVER_NOT_EXPORTED_PERMISSION" />
34-->[androidx.core:core:1.10.1] AndroidManifest.xml:26:5-97
34-->[androidx.core:core:1.10.1] AndroidManifest.xml:26:22-94
35
36    <application
37        android:name="android.app.Application"
37-->src/main/AndroidManifest.xml:5:9-42
38        android:appComponentFactory="androidx.core.app.CoreComponentFactory"
38-->[androidx.core:core:1.10.1] AndroidManifest.xml:28:18-86
39        android:icon="@mipmap/ic_launcher"
39-->src/main/AndroidManifest.xml:6:9-43
40        android:label="தமிழ் விசைப்பலகை" >
40-->src/main/AndroidManifest.xml:4:9-41
41        <activity
41-->src/main/AndroidManifest.xml:7:9-27:20
42            android:name="com.example.keyboard_tamil.MainActivity"
42-->src/main/AndroidManifest.xml:8:13-41
43            android:configChanges="orientation|keyboardHidden|keyboard|screenSize|smallestScreenSize|locale|layoutDirection|fontScale|screenLayout|density|uiMode"
43-->src/main/AndroidManifest.xml:12:13-163
44            android:exported="true"
44-->src/main/AndroidManifest.xml:9:13-36
45            android:hardwareAccelerated="true"
45-->src/main/AndroidManifest.xml:13:13-47
46            android:launchMode="singleTop"
46-->src/main/AndroidManifest.xml:10:13-43
47            android:theme="@style/LaunchTheme"
47-->src/main/AndroidManifest.xml:11:13-47
48            android:windowSoftInputMode="adjustResize" >
48-->src/main/AndroidManifest.xml:14:13-55
49
50            <!--
51                 Specifies an Android theme to apply to this Activity as soon as
52                 the Android process has started. This theme is visible to the user
53                 while the Flutter UI initializes. After that, this theme continues
54                 to determine the Window background behind the Flutter UI.
55            -->
56            <meta-data
56-->src/main/AndroidManifest.xml:19:13-22:17
57                android:name="io.flutter.embedding.android.NormalTheme"
57-->src/main/AndroidManifest.xml:20:15-70
58                android:resource="@style/NormalTheme" />
58-->src/main/AndroidManifest.xml:21:15-52
59
60            <intent-filter>
60-->src/main/AndroidManifest.xml:23:13-26:29
61                <action android:name="android.intent.action.MAIN" />
61-->src/main/AndroidManifest.xml:24:17-68
61-->src/main/AndroidManifest.xml:24:25-66
62
63                <category android:name="android.intent.category.LAUNCHER" />
63-->src/main/AndroidManifest.xml:25:17-76
63-->src/main/AndroidManifest.xml:25:27-74
64            </intent-filter>
65        </activity>
66        <!--
67             Don't delete the meta-data below.
68             This is used by the Flutter tool to generate GeneratedPluginRegistrant.java
69        -->
70        <meta-data
70-->src/main/AndroidManifest.xml:30:9-32:33
71            android:name="flutterEmbedding"
71-->src/main/AndroidManifest.xml:31:13-44
72            android:value="2" />
72-->src/main/AndroidManifest.xml:32:13-30
73
74        <service
74-->[:firebase_core] AndroidManifest.xml:10:9-14:19
75            android:name="com.google.firebase.components.ComponentDiscoveryService"
75-->[:firebase_core] AndroidManifest.xml:10:18-89
76            android:directBootAware="true"
76-->[com.google.firebase:firebase-common:20.4.2] AndroidManifest.xml:32:13-43
77            android:exported="false" >
77-->[com.google.firebase:firebase-common:20.4.2] AndroidManifest.xml:33:13-37
78            <meta-data
78-->[:firebase_core] AndroidManifest.xml:11:13-13:85
79                android:name="com.google.firebase.components:io.flutter.plugins.firebase.core.FlutterFirebaseCoreRegistrar"
79-->[:firebase_core] AndroidManifest.xml:12:17-124
80                android:value="com.google.firebase.components.ComponentRegistrar" />
80-->[:firebase_core] AndroidManifest.xml:13:17-82
81            <meta-data
81-->[com.google.firebase:firebase-common:20.4.2] AndroidManifest.xml:35:13-37:85
82                android:name="com.google.firebase.components:com.google.firebase.FirebaseCommonKtxRegistrar"
82-->[com.google.firebase:firebase-common:20.4.2] AndroidManifest.xml:36:17-109
83                android:value="com.google.firebase.components.ComponentRegistrar" />
83-->[com.google.firebase:firebase-common:20.4.2] AndroidManifest.xml:37:17-82
84        </service>
85
86        <activity
86-->[:flutter_inappwebview] AndroidManifest.xml:16:9-20:47
87            android:name="com.pichillilorenzo.flutter_inappwebview.in_app_browser.InAppBrowserActivity"
87-->[:flutter_inappwebview] AndroidManifest.xml:17:13-104
88            android:configChanges="orientation|keyboardHidden|keyboard|screenSize|locale|layoutDirection|fontScale|screenLayout|density"
88-->[:flutter_inappwebview] AndroidManifest.xml:18:13-137
89            android:exported="false"
89-->[:flutter_inappwebview] AndroidManifest.xml:19:13-37
90            android:theme="@style/AppTheme" />
90-->[:flutter_inappwebview] AndroidManifest.xml:20:13-44
91        <activity
91-->[:flutter_inappwebview] AndroidManifest.xml:21:9-24:55
92            android:name="com.pichillilorenzo.flutter_inappwebview.chrome_custom_tabs.ChromeCustomTabsActivity"
92-->[:flutter_inappwebview] AndroidManifest.xml:22:13-112
93            android:exported="false"
93-->[:flutter_inappwebview] AndroidManifest.xml:23:13-37
94            android:theme="@style/ThemeTransparent" />
94-->[:flutter_inappwebview] AndroidManifest.xml:24:13-52
95        <activity
95-->[:flutter_inappwebview] AndroidManifest.xml:25:9-28:55
96            android:name="com.pichillilorenzo.flutter_inappwebview.chrome_custom_tabs.TrustedWebActivity"
96-->[:flutter_inappwebview] AndroidManifest.xml:26:13-106
97            android:exported="false"
97-->[:flutter_inappwebview] AndroidManifest.xml:27:13-37
98            android:theme="@style/ThemeTransparent" />
98-->[:flutter_inappwebview] AndroidManifest.xml:28:13-52
99        <activity
99-->[:flutter_inappwebview] AndroidManifest.xml:29:9-33:55
100            android:name="com.pichillilorenzo.flutter_inappwebview.chrome_custom_tabs.ChromeCustomTabsActivitySingleInstance"
100-->[:flutter_inappwebview] AndroidManifest.xml:30:13-126
101            android:exported="false"
101-->[:flutter_inappwebview] AndroidManifest.xml:31:13-37
102            android:launchMode="singleInstance"
102-->[:flutter_inappwebview] AndroidManifest.xml:32:13-48
103            android:theme="@style/ThemeTransparent" />
103-->[:flutter_inappwebview] AndroidManifest.xml:33:13-52
104        <activity
104-->[:flutter_inappwebview] AndroidManifest.xml:34:9-38:55
105            android:name="com.pichillilorenzo.flutter_inappwebview.chrome_custom_tabs.TrustedWebActivitySingleInstance"
105-->[:flutter_inappwebview] AndroidManifest.xml:35:13-120
106            android:exported="false"
106-->[:flutter_inappwebview] AndroidManifest.xml:36:13-37
107            android:launchMode="singleInstance"
107-->[:flutter_inappwebview] AndroidManifest.xml:37:13-48
108            android:theme="@style/ThemeTransparent" />
108-->[:flutter_inappwebview] AndroidManifest.xml:38:13-52
109
110        <receiver
110-->[:flutter_inappwebview] AndroidManifest.xml:40:9-43:40
111            android:name="com.pichillilorenzo.flutter_inappwebview.chrome_custom_tabs.ActionBroadcastReceiver"
111-->[:flutter_inappwebview] AndroidManifest.xml:41:13-111
112            android:enabled="true"
112-->[:flutter_inappwebview] AndroidManifest.xml:42:13-35
113            android:exported="false" />
113-->[:flutter_inappwebview] AndroidManifest.xml:43:13-37
114
115        <meta-data
115-->[:flutter_inappwebview] AndroidManifest.xml:45:9-47:36
116            android:name="io.flutter.embedded_views_preview"
116-->[:flutter_inappwebview] AndroidManifest.xml:46:13-61
117            android:value="true" />
117-->[:flutter_inappwebview] AndroidManifest.xml:47:13-33
118
119        <activity
119-->[:url_launcher_android] AndroidManifest.xml:10:9-13:74
120            android:name="io.flutter.plugins.urllauncher.WebViewActivity"
120-->[:url_launcher_android] AndroidManifest.xml:11:13-74
121            android:exported="false"
121-->[:url_launcher_android] AndroidManifest.xml:12:13-37
122            android:theme="@android:style/Theme.NoTitleBar.Fullscreen" />
122-->[:url_launcher_android] AndroidManifest.xml:13:13-71
123
124        <provider
124-->[com.google.firebase:firebase-common:20.4.2] AndroidManifest.xml:23:9-28:39
125            android:name="com.google.firebase.provider.FirebaseInitProvider"
125-->[com.google.firebase:firebase-common:20.4.2] AndroidManifest.xml:24:13-77
126            android:authorities="com.example.keyboard_tamil.firebaseinitprovider"
126-->[com.google.firebase:firebase-common:20.4.2] AndroidManifest.xml:25:13-72
127            android:directBootAware="true"
127-->[com.google.firebase:firebase-common:20.4.2] AndroidManifest.xml:26:13-43
128            android:exported="false"
128-->[com.google.firebase:firebase-common:20.4.2] AndroidManifest.xml:27:13-37
129            android:initOrder="100" />
129-->[com.google.firebase:firebase-common:20.4.2] AndroidManifest.xml:28:13-36
130
131        <uses-library
131-->[androidx.window:window:1.0.0-beta04] AndroidManifest.xml:25:9-27:40
132            android:name="androidx.window.extensions"
132-->[androidx.window:window:1.0.0-beta04] AndroidManifest.xml:26:13-54
133            android:required="false" />
133-->[androidx.window:window:1.0.0-beta04] AndroidManifest.xml:27:13-37
134        <uses-library
134-->[androidx.window:window:1.0.0-beta04] AndroidManifest.xml:28:9-30:40
135            android:name="androidx.window.sidecar"
135-->[androidx.window:window:1.0.0-beta04] AndroidManifest.xml:29:13-51
136            android:required="false" />
136-->[androidx.window:window:1.0.0-beta04] AndroidManifest.xml:30:13-37
137
138        <meta-data
138-->[com.google.android.gms:play-services-basement:18.1.0] AndroidManifest.xml:21:9-23:69
139            android:name="com.google.android.gms.version"
139-->[com.google.android.gms:play-services-basement:18.1.0] AndroidManifest.xml:22:13-58
140            android:value="@integer/google_play_services_version" />
140-->[com.google.android.gms:play-services-basement:18.1.0] AndroidManifest.xml:23:13-66
141
142        <provider
142-->[androidx.emoji2:emoji2:1.2.0] AndroidManifest.xml:24:9-32:20
143            android:name="androidx.startup.InitializationProvider"
143-->[androidx.emoji2:emoji2:1.2.0] AndroidManifest.xml:25:13-67
144            android:authorities="com.example.keyboard_tamil.androidx-startup"
144-->[androidx.emoji2:emoji2:1.2.0] AndroidManifest.xml:26:13-68
145            android:exported="false" >
145-->[androidx.emoji2:emoji2:1.2.0] AndroidManifest.xml:27:13-37
146            <meta-data
146-->[androidx.emoji2:emoji2:1.2.0] AndroidManifest.xml:29:13-31:52
147                android:name="androidx.emoji2.text.EmojiCompatInitializer"
147-->[androidx.emoji2:emoji2:1.2.0] AndroidManifest.xml:30:17-75
148                android:value="androidx.startup" />
148-->[androidx.emoji2:emoji2:1.2.0] AndroidManifest.xml:31:17-49
149            <meta-data
149-->[androidx.lifecycle:lifecycle-process:2.4.1] AndroidManifest.xml:31:13-33:52
150                android:name="androidx.lifecycle.ProcessLifecycleInitializer"
150-->[androidx.lifecycle:lifecycle-process:2.4.1] AndroidManifest.xml:32:17-78
151                android:value="androidx.startup" />
151-->[androidx.lifecycle:lifecycle-process:2.4.1] AndroidManifest.xml:33:17-49
152        </provider>
153    </application>
154
155</manifest>